#
# A fatal error has been detected by the Java Runtime Environment:
#
#  EXCEPTION_UNCAUGHT_CXX_EXCEPTION (0xe06d7363) at pc=0x000007fefcfc940d, pid=8848, tid=3844
#
# JRE version: Java(TM) SE Runtime Environment (8.0_25-b18) (build 1.8.0_25-b18)
# Java VM: Java HotSpot(TM) 64-Bit Server VM (25.25-b02 mixed mode windows-amd64 compressed oops)
# Problematic frame:
# C  [KERNELBASE.dll+0x940d]
#
# Failed to write core dump. Minidumps are not enabled by default on client versions of Windows
#
# If you would like to submit a bug report, please visit:
#   http://bugreport.sun.com/bugreport/crash.jsp
# The crash happened outside the Java Virtual Machine in native code.
# See problematic frame for where to report the bug.
#

---------------  T H R E A D  ---------------

Current thread (0x0000000002598000):  JavaThread "main" [_thread_in_native, id=3844, stack(0x0000000002840000,0x0000000002940000)]

siginfo: ExceptionCode=0xe06d7363, ExceptionInformation=0x0000000019930520 0x000000000293ce60 0x000007fee97d2cd8 0x000007fee94b0000 

Registers:
RAX=0x00000000794e2d5d, RBX=0x000007fee97d2cd8, RCX=0x000000000293c6f0, RDX=0x00000000000000d0
RSP=0x000000000293cd00, RBP=0x000000000293ce30, RSI=0x100056db54b3d05f, RDI=0xffffffffffffffff
R8 =0x0000000000000000, R9 =0x0000000000000000, R10=0x000007fee94b0000, R11=0x000000000293cd40
R12=0x000000000293cfa0, R13=0x0000000000000000, R14=0x0000000000000000, R15=0x0000000000000000
RIP=0x000007fefcfc940d, EFLAGS=0x0000000000000202

Top of Stack: (sp=0x000000000293cd00)
0x000000000293cd00:   000007fee97d2cd8 100056db54b3d05f
0x000000000293cd10:   ffffffffffffffff 0000000000000000
0x000000000293cd20:   00000001e06d7363 0000000000000000
0x000000000293cd30:   000007fefcfc940d 000007fe00000004
0x000000000293cd40:   0000000019930520 000000000293ce60
0x000000000293cd50:   000007fee97d2cd8 000007fee94b0000
0x000000000293cd60:   000000000293ce28 000000000293cde8
0x000000000293cd70:   000007fee9764598 000007fee96cd48e
0x000000000293cd80:   00000000a459f280 000000000293ce60
0x000000000293cd90:   000000007c7282d0 000000000293cfa0
0x000000000293cda0:   0000000000000000 0000000000000000
0x000000000293cdb0:   000000000293cfa0 ffffffffffffffff
0x000000000293cdc0:   100056db54b3d05f 000007fee96c99f8
0x000000000293cdd0:   000007fee97d2cd8 000000000293ce40
0x000000000293cde0:   0000000000000001 000007fee94b0108
0x000000000293cdf0:   00000001e06d7363 0000000000000000 

Instructions: (pc=0x000007fefcfc940d)
0x000007fefcfc93ed:   54 24 24 48 89 4c 24 28 4d 85 c9 0f 85 aa 18 00
0x000007fefcfc93fd:   00 89 4c 24 38 48 8d 4c 24 20 ff 15 93 1e 04 00
0x000007fefcfc940d:   48 81 c4 c8 00 00 00 c3 90 90 90 90 90 90 90 90
0x000007fefcfc941d:   90 90 90 48 8b c4 48 83 ec 78 41 f7 c0 fe ff ff 


Register to memory mapping:

RAX=0x00000000794e2d5d is an unknown value
RBX=0x000007fee97d2cd8 is an unknown value
RCX=0x000000000293c6f0 is pointing into the stack for thread: 0x0000000002598000
RDX=0x00000000000000d0 is an unknown value
RSP=0x000000000293cd00 is pointing into the stack for thread: 0x0000000002598000
RBP=0x000000000293ce30 is pointing into the stack for thread: 0x0000000002598000
RSI=0x100056db54b3d05f is an unknown value
RDI=0xffffffffffffffff is an unknown value
R8 =0x0000000000000000 is an unknown value
R9 =0x0000000000000000 is an unknown value
R10=0x000007fee94b0000 is an unknown value
R11=0x000000000293cd40 is pointing into the stack for thread: 0x0000000002598000
R12=0x000000000293cfa0 is pointing into the stack for thread: 0x0000000002598000
R13=0x0000000000000000 is an unknown value
R14=0x0000000000000000 is an unknown value
R15=0x0000000000000000 is an unknown value


Stack: [0x0000000002840000,0x0000000002940000],  sp=0x000000000293cd00,  free space=1011k
Native frames: (J=compiled Java code, j=interpreted, Vv=VM code, C=native code)
C  [KERNELBASE.dll+0x940d]
C  0x000007fee96c99f8
C  0x000007fee96cad8a
C  0x000007fee9500d19
C  0x000007fee950254e
C  0x000007fee95031a5
C  0x000007fee95207f0
C  0x000007fee9524937
C  0x000007fee9526627
C  [USER32.dll+0x19bd1]
C  [USER32.dll+0x16aa8]
C  [USER32.dll+0x13e12]
C  [USER32.dll+0x7e878]
C  [USER32.dll+0x3b427]
C  [USER32.dll+0x11196]
C  [USER32.dll+0x19bd1]
C  [USER32.dll+0x16aa8]
C  [USER32.dll+0x16bad]
C  [IMM32.DLL+0xd3b6]
C  [USER32.dll+0x3b67a]
C  [USER32.dll+0x11047]
C  [USER32.dll+0x11196]
C  [USER32.dll+0x19bd1]
C  [USER32.dll+0x172cb]
C  [USER32.dll+0x16829]
C  0x000000000007b4f6

Java frames: (J=compiled Java code, j=interpreted, Vv=VM code)
J 5501  org.eclipse.swt.internal.win32.OS.PeekMessageW(Lorg/eclipse/swt/internal/win32/MSG;JIII)Z (0 bytes) @ 0x000000000372d3e7 [0x000000000372d380+0x67]
J 11057 C2 org.eclipse.swt.widgets.Display.readAndDispatch()Z (101 bytes) @ 0x00000000049c3ffc [0x00000000049c3ec0+0x13c]
J 33641% C2 org.eclipse.e4.ui.internal.workbench.swt.PartRenderingEngine$9.run()V (745 bytes) @ 0x0000000003f4e850 [0x0000000003f4e5e0+0x270]
j  org.eclipse.core.databinding.observable.Realm.runWithDefault(Lorg/eclipse/core/databinding/observable/Realm;Ljava/lang/Runnable;)V+12
j  org.eclipse.e4.ui.internal.workbench.swt.PartRenderingEngine.run(Lorg/eclipse/e4/ui/model/application/MApplicationElement;Lorg/eclipse/e4/core/contexts/IEclipseContext;)Ljava/lang/Object;+57
j  org.eclipse.e4.ui.internal.workbench.E4Workbench.createAndRunUI(Lorg/eclipse/e4/ui/model/application/MApplicationElement;)V+20
j  org.eclipse.ui.internal.Workbench$5.run()V+256
j  org.eclipse.core.databinding.observable.Realm.runWithDefault(Lorg/eclipse/core/databinding/observable/Realm;Ljava/lang/Runnable;)V+12
j  org.eclipse.ui.internal.Workbench.createAndRunWorkbench(Lorg/eclipse/swt/widgets/Display;Lorg/eclipse/ui/application/WorkbenchAdvisor;)I+18
j  org.eclipse.ui.PlatformUI.createAndRunWorkbench(Lorg/eclipse/swt/widgets/Display;Lorg/eclipse/ui/application/WorkbenchAdvisor;)I+2
j  org.eclipse.ui.internal.ide.application.IDEApplication.start(Lorg/eclipse/equinox/app/IApplicationContext;)Ljava/lang/Object;+108
j  org.eclipse.equinox.internal.app.EclipseAppHandle.run(Ljava/lang/Object;)Ljava/lang/Object;+135
j  org.eclipse.core.runtime.internal.adaptor.EclipseAppLauncher.runApplication(Ljava/lang/Object;)Ljava/lang/Object;+103
j  org.eclipse.core.runtime.internal.adaptor.EclipseAppLauncher.start(Ljava/lang/Object;)Ljava/lang/Object;+29
j  org.eclipse.core.runtime.adaptor.EclipseStarter.run(Ljava/lang/Object;)Ljava/lang/Object;+149
j  org.eclipse.core.runtime.adaptor.EclipseStarter.run([Ljava/lang/String;Ljava/lang/Runnable;)Ljava/lang/Object;+183
v  ~StubRoutines::call_stub
j  sun.reflect.NativeMethodAccessorImpl.invoke0(Ljava/lang/reflect/Method;Ljava/lang/Object;[Ljava/lang/Object;)Ljava/lang/Object;+0
j  sun.reflect.NativeMethodAccessorImpl.invoke(Ljava/lang/Object;[Ljava/lang/Object;)Ljava/lang/Object;+100
j  sun.reflect.DelegatingMethodAccessorImpl.invoke(Ljava/lang/Object;[Ljava/lang/Object;)Ljava/lang/Object;+6
j  java.lang.reflect.Method.invoke(Ljava/lang/Object;[Ljava/lang/Object;)Ljava/lang/Object;+56
j  org.eclipse.equinox.launcher.Main.invokeFramework([Ljava/lang/String;[Ljava/net/URL;)V+211
j  org.eclipse.equinox.launcher.Main.basicRun([Ljava/lang/String;)V+126
j  org.eclipse.equinox.launcher.Main.run([Ljava/lang/String;)I+4
j  org.eclipse.equinox.launcher.Main.main([Ljava/lang/String;)V+10
v  ~StubRoutines::call_stub

---------------  P R O C E S S  ---------------

Java Threads: ( => current thread )
  0x0000000068313800 JavaThread "Worker-142" [_thread_blocked, id=7184, stack(0x000000008d5c0000,0x000000008d6c0000)]
  0x000000006831a000 JavaThread "Worker-141" [_thread_blocked, id=8528, stack(0x000000008cad0000,0x000000008cbd0000)]
  0x000000006830e800 JavaThread "Worker-140" [_thread_blocked, id=6180, stack(0x000000008c570000,0x000000008c670000)]
  0x000000006831b000 JavaThread "Worker-139" [_thread_blocked, id=10732, stack(0x000000008c3d0000,0x000000008c4d0000)]
  0x000000005df39000 JavaThread "Timer-5" daemon [_thread_blocked, id=9668, stack(0x00000000a8e80000,0x00000000a8f80000)]
  0x000000005e250000 JavaThread "Worker-137" [_thread_blocked, id=10920, stack(0x00000000a4070000,0x00000000a4170000)]
  0x0000000068318800 JavaThread "org.eclipse.jdt.internal.ui.text.JavaReconciler" daemon [_thread_blocked, id=8872, stack(0x000000008c2b0000,0x000000008c3b0000)]
  0x0000000068318000 JavaThread "org.eclipse.jdt.internal.ui.text.JavaReconciler" daemon [_thread_blocked, id=9256, stack(0x000000008d060000,0x000000008d160000)]
  0x0000000068317000 JavaThread "org.eclipse.jdt.internal.ui.text.JavaReconciler" daemon [_thread_blocked, id=5032, stack(0x000000009f7b0000,0x000000009f8b0000)]
  0x0000000068315000 JavaThread "org.eclipse.jdt.internal.ui.text.JavaReconciler" daemon [_thread_blocked, id=2840, stack(0x000000009f670000,0x000000009f770000)]
  0x0000000068315800 JavaThread "org.eclipse.jdt.internal.ui.text.JavaReconciler" daemon [_thread_blocked, id=10648, stack(0x000000008db30000,0x000000008dc30000)]
  0x0000000068314000 JavaThread "org.eclipse.jdt.internal.ui.text.JavaReconciler" daemon [_thread_blocked, id=4972, stack(0x000000008d800000,0x000000008d900000)]
  0x0000000068316800 JavaThread "org.eclipse.jdt.internal.ui.text.JavaReconciler" daemon [_thread_blocked, id=6772, stack(0x000000008d910000,0x000000008da10000)]
  0x0000000068311000 JavaThread "org.eclipse.jdt.internal.ui.text.JavaReconciler" daemon [_thread_blocked, id=9400, stack(0x000000008d6e0000,0x000000008d7e0000)]
  0x000000006830d000 JavaThread "org.eclipse.jdt.internal.ui.text.JavaReconciler" daemon [_thread_blocked, id=7244, stack(0x000000008d420000,0x000000008d520000)]
  0x0000000068311800 JavaThread "org.eclipse.jdt.internal.ui.text.JavaReconciler" daemon [_thread_blocked, id=7080, stack(0x000000008d160000,0x000000008d260000)]
  0x0000000068312800 JavaThread "org.eclipse.jdt.internal.ui.text.JavaReconciler" daemon [_thread_blocked, id=9120, stack(0x000000008cf00000,0x000000008d000000)]
  0x000000006830e000 JavaThread "org.eclipse.jdt.internal.ui.text.JavaReconciler" daemon [_thread_blocked, id=10560, stack(0x000000007e7c0000,0x000000007e8c0000)]
  0x0000000068310000 JavaThread "org.eclipse.jdt.internal.ui.text.JavaReconciler" daemon [_thread_blocked, id=10804, stack(0x000000008cdd0000,0x000000008ced0000)]
  0x000000006830c800 JavaThread "org.eclipse.jdt.internal.ui.text.JavaReconciler" daemon [_thread_blocked, id=8296, stack(0x000000008ccc0000,0x000000008cdc0000)]
  0x0000000058e29800 JavaThread "org.eclipse.jdt.internal.ui.text.JavaReconciler" daemon [_thread_blocked, id=9664, stack(0x000000008c950000,0x000000008ca50000)]
  0x0000000058e2b000 JavaThread "org.eclipse.jdt.internal.ui.text.JavaReconciler" daemon [_thread_blocked, id=11020, stack(0x000000008c850000,0x000000008c950000)]
  0x0000000058e26800 JavaThread "org.eclipse.jdt.internal.ui.text.JavaReconciler" daemon [_thread_blocked, id=8628, stack(0x000000008c700000,0x000000008c800000)]
  0x0000000058e2a000 JavaThread "Worker-132" [_thread_blocked, id=9880, stack(0x00000000786a0000,0x00000000787a0000)]
  0x0000000058e25000 JavaThread "org.eclipse.jdt.internal.ui.text.JavaReconciler" daemon [_thread_blocked, id=10052, stack(0x00000000a53b0000,0x00000000a54b0000)]
  0x0000000058e24000 JavaThread "org.eclipse.jdt.internal.ui.text.JavaReconciler" daemon [_thread_blocked, id=10932, stack(0x00000000a5510000,0x00000000a5610000)]
  0x000000005e24f000 JavaThread "org.eclipse.jdt.internal.ui.text.JavaReconciler" daemon [_thread_blocked, id=9928, stack(0x00000000a5260000,0x00000000a5360000)]
  0x000000005e24e800 JavaThread "org.eclipse.jdt.internal.ui.text.JavaReconciler" daemon [_thread_blocked, id=6496, stack(0x00000000a2f70000,0x00000000a3070000)]
  0x000000005e24d800 JavaThread "org.eclipse.jdt.internal.ui.text.JavaReconciler" daemon [_thread_blocked, id=9180, stack(0x00000000a2600000,0x00000000a2700000)]
  0x000000005e24d000 JavaThread "org.eclipse.jdt.internal.ui.text.JavaReconciler" daemon [_thread_blocked, id=2096, stack(0x00000000a2cd0000,0x00000000a2dd0000)]
  0x000000005e24c000 JavaThread "org.eclipse.jdt.internal.ui.text.JavaReconciler" daemon [_thread_blocked, id=7840, stack(0x00000000a2ad0000,0x00000000a2bd0000)]
  0x000000005e24b800 JavaThread "org.eclipse.jdt.internal.ui.text.JavaReconciler" daemon [_thread_blocked, id=3804, stack(0x00000000a28b0000,0x00000000a29b0000)]
  0x000000005e24a800 JavaThread "org.eclipse.jdt.internal.ui.text.JavaReconciler" daemon [_thread_blocked, id=9448, stack(0x00000000a2730000,0x00000000a2830000)]
  0x000000005e249000 JavaThread "org.eclipse.jdt.internal.ui.text.JavaReconciler" daemon [_thread_blocked, id=10372, stack(0x00000000a24d0000,0x00000000a25d0000)]
  0x0000000059931800 JavaThread "org.eclipse.jdt.internal.ui.text.JavaReconciler" daemon [_thread_blocked, id=6852, stack(0x00000000a1b80000,0x00000000a1c80000)]
  0x0000000059931000 JavaThread "org.eclipse.jdt.internal.ui.text.JavaReconciler" daemon [_thread_blocked, id=1788, stack(0x00000000a2370000,0x00000000a2470000)]
  0x0000000059930000 JavaThread "org.eclipse.jdt.internal.ui.text.JavaReconciler" daemon [_thread_blocked, id=1624, stack(0x00000000a21a0000,0x00000000a22a0000)]
  0x000000005992f800 JavaThread "org.eclipse.jdt.internal.ui.text.JavaReconciler" daemon [_thread_blocked, id=10024, stack(0x000000008e870000,0x000000008e970000)]
  0x000000005992e800 JavaThread "org.eclipse.jdt.internal.ui.text.JavaReconciler" daemon [_thread_blocked, id=11092, stack(0x00000000a2070000,0x00000000a2170000)]
  0x000000005992d000 JavaThread "org.eclipse.jdt.internal.ui.text.JavaReconciler" daemon [_thread_blocked, id=6124, stack(0x00000000a1d20000,0x00000000a1e20000)]
  0x000000005992e000 JavaThread "org.eclipse.jdt.internal.ui.text.JavaReconciler" daemon [_thread_blocked, id=5312, stack(0x00000000a1ed0000,0x00000000a1fd0000)]
  0x000000005992c800 JavaThread "org.eclipse.jdt.internal.ui.text.JavaReconciler" daemon [_thread_blocked, id=10880, stack(0x00000000a1740000,0x00000000a1840000)]
  0x000000005992b000 JavaThread "org.eclipse.jdt.internal.ui.text.JavaReconciler" daemon [_thread_blocked, id=9260, stack(0x00000000a1a60000,0x00000000a1b60000)]
  0x000000005992b800 JavaThread "org.eclipse.jdt.internal.ui.text.JavaReconciler" daemon [_thread_blocked, id=9868, stack(0x00000000a1880000,0x00000000a1980000)]
  0x0000000058059800 JavaThread "org.eclipse.jdt.internal.ui.text.JavaReconciler" daemon [_thread_blocked, id=1376, stack(0x000000008dca0000,0x000000008dda0000)]
  0x0000000058058800 JavaThread "org.eclipse.jdt.internal.ui.text.JavaReconciler" daemon [_thread_blocked, id=8016, stack(0x00000000a15f0000,0x00000000a16f0000)]
  0x0000000058058000 JavaThread "org.eclipse.jdt.internal.ui.text.JavaReconciler" daemon [_thread_blocked, id=7964, stack(0x00000000a11c0000,0x00000000a12c0000)]
  0x0000000058057000 JavaThread "org.eclipse.jdt.internal.ui.text.JavaReconciler" daemon [_thread_blocked, id=7448, stack(0x00000000a14d0000,0x00000000a15d0000)]
  0x0000000058056800 JavaThread "org.eclipse.jdt.internal.ui.text.JavaReconciler" daemon [_thread_blocked, id=9900, stack(0x00000000a1300000,0x00000000a1400000)]
  0x0000000058055800 JavaThread "org.eclipse.jdt.internal.ui.text.JavaReconciler" daemon [_thread_blocked, id=3024, stack(0x00000000a10a0000,0x00000000a11a0000)]
  0x0000000058055000 JavaThread "org.eclipse.jdt.internal.ui.text.JavaReconciler" daemon [_thread_blocked, id=1132, stack(0x00000000a0dc0000,0x00000000a0ec0000)]
  0x0000000058054000 JavaThread "org.eclipse.jdt.internal.ui.text.JavaReconciler" daemon [_thread_blocked, id=3724, stack(0x00000000a0f00000,0x00000000a1000000)]
  0x0000000058053800 JavaThread "org.eclipse.jdt.internal.ui.text.JavaReconciler" daemon [_thread_blocked, id=8440, stack(0x00000000a0c40000,0x00000000a0d40000)]
  0x0000000058052800 JavaThread "org.eclipse.jdt.internal.ui.text.JavaReconciler" daemon [_thread_blocked, id=10968, stack(0x000000008eba0000,0x000000008eca0000)]
  0x000000005df59000 JavaThread "org.eclipse.jdt.internal.ui.text.JavaReconciler" daemon [_thread_blocked, id=7536, stack(0x000000008efe0000,0x000000008f0e0000)]
  0x000000005df58000 JavaThread "org.eclipse.jdt.internal.ui.text.JavaReconciler" daemon [_thread_blocked, id=9196, stack(0x000000008ee20000,0x000000008ef20000)]
  0x000000005df57800 JavaThread "org.eclipse.jdt.internal.ui.text.JavaReconciler" daemon [_thread_blocked, id=7504, stack(0x000000008eca0000,0x000000008eda0000)]
  0x000000005df56800 JavaThread "org.eclipse.jdt.internal.ui.text.JavaReconciler" daemon [_thread_blocked, id=10780, stack(0x000000008e9f0000,0x000000008eaf0000)]
  0x000000005df56000 JavaThread "org.eclipse.jdt.internal.ui.text.JavaReconciler" daemon [_thread_blocked, id=2112, stack(0x000000008e5e0000,0x000000008e6e0000)]
  0x000000005df55000 JavaThread "org.eclipse.jdt.internal.ui.text.JavaReconciler" daemon [_thread_blocked, id=10840, stack(0x000000008e6f0000,0x000000008e7f0000)]
  0x000000005df54800 JavaThread "org.eclipse.jdt.internal.ui.text.JavaReconciler" daemon [_thread_blocked, id=8312, stack(0x000000008e4d0000,0x000000008e5d0000)]
  0x000000005df53800 JavaThread "org.eclipse.jdt.internal.ui.text.JavaReconciler" daemon [_thread_blocked, id=1200, stack(0x0000000070d80000,0x0000000070e80000)]
  0x000000005df53000 JavaThread "org.eclipse.jdt.internal.ui.text.JavaReconciler" daemon [_thread_blocked, id=9588, stack(0x000000008e3c0000,0x000000008e4c0000)]
  0x000000005df52000 JavaThread "org.eclipse.jdt.internal.ui.text.JavaReconciler" daemon [_thread_blocked, id=2784, stack(0x00000000791f0000,0x00000000792f0000)]
  0x000000005e5b8800 JavaThread "org.eclipse.jdt.internal.ui.text.JavaReconciler" daemon [_thread_blocked, id=9068, stack(0x000000008e030000,0x000000008e130000)]
  0x0000000059926000 JavaThread "org.eclipse.jdt.internal.ui.text.JavaReconciler" daemon [_thread_blocked, id=8072, stack(0x000000008e220000,0x000000008e320000)]
  0x000000005ba97000 JavaThread "org.eclipse.jdt.internal.ui.text.JavaReconciler" daemon [_thread_blocked, id=11060, stack(0x000000007c3f0000,0x000000007c4f0000)]
  0x00000000573c1000 JavaThread "org.eclipse.jdt.internal.ui.text.JavaReconciler" daemon [_thread_blocked, id=7836, stack(0x0000000091150000,0x0000000091250000)]
  0x00000000573c1800 JavaThread "org.eclipse.jdt.internal.ui.text.JavaReconciler" daemon [_thread_blocked, id=4632, stack(0x0000000091260000,0x0000000091360000)]
  0x00000000573c0000 JavaThread "org.eclipse.jdt.internal.ui.text.JavaReconciler" daemon [_thread_blocked, id=8684, stack(0x0000000072160000,0x0000000072260000)]
  0x00000000573bf800 JavaThread "org.eclipse.jdt.internal.ui.text.JavaReconciler" daemon [_thread_blocked, id=2104, stack(0x000000007ee60000,0x000000007ef60000)]
  0x00000000573be800 JavaThread "org.eclipse.jdt.internal.ui.text.JavaReconciler" daemon [_thread_blocked, id=7752, stack(0x000000007ec90000,0x000000007ed90000)]
  0x00000000573be000 JavaThread "org.eclipse.jdt.internal.ui.text.JavaReconciler" daemon [_thread_blocked, id=5124, stack(0x000000007c500000,0x000000007c600000)]
  0x00000000573bd000 JavaThread "org.eclipse.jdt.internal.ui.text.JavaReconciler" daemon [_thread_blocked, id=9192, stack(0x000000007ea00000,0x000000007eb00000)]
  0x00000000573bc800 JavaThread "org.eclipse.jdt.internal.ui.text.JavaReconciler" daemon [_thread_blocked, id=9088, stack(0x000000007e8f0000,0x000000007e9f0000)]
  0x00000000573ba800 JavaThread "org.eclipse.jdt.internal.ui.text.JavaReconciler" daemon [_thread_blocked, id=9364, stack(0x0000000072260000,0x0000000072360000)]
  0x00000000573bb800 JavaThread "org.eclipse.jdt.internal.ui.text.JavaReconciler" daemon [_thread_blocked, id=10672, stack(0x000000007e690000,0x000000007e790000)]
  0x000000005ba94800 JavaThread "org.eclipse.jdt.internal.ui.text.JavaReconciler" daemon [_thread_blocked, id=9560, stack(0x0000000078ae0000,0x0000000078be0000)]
  0x00000000571e6000 JavaThread "org.eclipse.jdt.internal.ui.text.JavaReconciler" daemon [_thread_blocked, id=9324, stack(0x0000000074300000,0x0000000074400000)]
  0x000000005e5ba000 JavaThread "org.eclipse.jdt.internal.ui.text.JavaReconciler" daemon [_thread_blocked, id=10848, stack(0x0000000074610000,0x0000000074710000)]
  0x0000000058e6d000 JavaThread "org.eclipse.jdt.internal.ui.text.JavaReconciler" daemon [_thread_blocked, id=3904, stack(0x0000000076b40000,0x0000000076c40000)]
  0x0000000058e72800 JavaThread "org.eclipse.jdt.internal.ui.text.JavaReconciler" daemon [_thread_blocked, id=10168, stack(0x00000000741f0000,0x00000000742f0000)]
  0x000000005df4d000 JavaThread "org.eclipse.jdt.internal.ui.text.JavaReconciler" daemon [_thread_blocked, id=7028, stack(0x0000000073d30000,0x0000000073e30000)]
  0x000000005e5b8000 JavaThread "org.eclipse.jdt.internal.ui.text.JavaReconciler" daemon [_thread_blocked, id=2948, stack(0x0000000073880000,0x0000000073980000)]
  0x000000005e5bb800 JavaThread "org.eclipse.jdt.internal.ui.text.JavaReconciler" daemon [_thread_blocked, id=8156, stack(0x0000000074020000,0x0000000074120000)]
  0x000000005e5b6800 JavaThread "org.eclipse.jdt.internal.ui.text.JavaReconciler" daemon [_thread_blocked, id=3292, stack(0x0000000073f20000,0x0000000074020000)]
  0x000000005e5b5800 JavaThread "org.eclipse.jdt.internal.ui.text.JavaReconciler" daemon [_thread_blocked, id=9444, stack(0x0000000073a30000,0x0000000073b30000)]
  0x000000005cc84800 JavaThread "org.eclipse.jdt.internal.ui.text.JavaReconciler" daemon [_thread_blocked, id=6832, stack(0x000000006ce00000,0x000000006cf00000)]
  0x00000000778ee000 JavaThread "org.eclipse.jdt.internal.ui.text.JavaReconciler" daemon [_thread_blocked, id=10448, stack(0x00000000789e0000,0x0000000078ae0000)]
  0x000000005df50000 JavaThread "LogCat output receiver for KJVWBQOBCU89RSUS" [_thread_blocked, id=9568, stack(0x000000006c800000,0x000000006c900000)]
  0x000000005df4f800 JavaThread "Device Client Monitor" [_thread_in_native, id=2220, stack(0x000000006d480000,0x000000006d580000)]
  0x000000005df4e800 JavaThread "Device List Monitor" [_thread_in_native, id=2288, stack(0x00000000792f0000,0x00000000793f0000)]
  0x000000005df4b800 JavaThread "Monitor" [_thread_in_native, id=6036, stack(0x0000000068f40000,0x0000000069040000)]
  0x000000005df4e000 JavaThread "org.eclipse.jdt.internal.ui.text.JavaReconciler" daemon [_thread_blocked, id=5640, stack(0x0000000078dd0000,0x0000000078ed0000)]
  0x000000005df4c800 JavaThread "org.eclipse.jdt.internal.ui.text.JavaReconciler" daemon [_thread_blocked, id=7492, stack(0x0000000078ef0000,0x0000000078ff0000)]
  0x000000005df4b000 JavaThread "org.eclipse.jdt.internal.ui.text.JavaReconciler" daemon [_thread_blocked, id=8820, stack(0x00000000788c0000,0x00000000789c0000)]
  0x000000005df4a000 JavaThread "org.eclipse.jdt.internal.ui.text.JavaReconciler" daemon [_thread_blocked, id=10884, stack(0x0000000078bf0000,0x0000000078cf0000)]
  0x000000005eccc800 JavaThread "org.eclipse.jdt.internal.ui.text.JavaReconciler" daemon [_thread_blocked, id=8960, stack(0x000000006d580000,0x000000006d680000)]
  0x00000000603bf800 JavaThread "org.eclipse.jdt.internal.ui.text.JavaReconciler" daemon [_thread_blocked, id=3272, stack(0x00000000787a0000,0x00000000788a0000)]
  0x00000000603bf000 JavaThread "org.eclipse.jdt.internal.ui.text.JavaReconciler" daemon [_thread_blocked, id=8164, stack(0x0000000075110000,0x0000000075210000)]
  0x00000000603be000 JavaThread "org.eclipse.jdt.internal.ui.text.JavaReconciler" daemon [_thread_blocked, id=10696, stack(0x0000000078520000,0x0000000078620000)]
  0x0000000059929800 JavaThread "org.eclipse.jdt.internal.ui.text.JavaReconciler" daemon [_thread_blocked, id=7636, stack(0x0000000078400000,0x0000000078500000)]
  0x000000005b94e000 JavaThread "org.eclipse.jdt.internal.ui.text.JavaReconciler" daemon [_thread_blocked, id=11168, stack(0x0000000078240000,0x0000000078340000)]
  0x000000005b94d800 JavaThread "org.eclipse.jdt.internal.ui.text.JavaReconciler" daemon [_thread_blocked, id=4716, stack(0x00000000780d0000,0x00000000781d0000)]
  0x000000005b94c800 JavaThread "org.eclipse.jdt.internal.ui.text.JavaReconciler" daemon [_thread_blocked, id=10412, stack(0x0000000076a20000,0x0000000076b20000)]
  0x000000005b94c000 JavaThread "org.eclipse.jdt.internal.ui.text.JavaReconciler" daemon [_thread_blocked, id=2016, stack(0x0000000074710000,0x0000000074810000)]
  0x000000005b94a800 JavaThread "org.eclipse.jdt.internal.ui.text.JavaReconciler" daemon [_thread_blocked, id=5164, stack(0x0000000076890000,0x0000000076990000)]
  0x000000005b94b000 JavaThread "org.eclipse.jdt.internal.ui.text.JavaReconciler" daemon [_thread_blocked, id=10832, stack(0x0000000075220000,0x0000000075320000)]
  0x000000005b949800 JavaThread "org.eclipse.jdt.internal.ui.text.JavaReconciler" daemon [_thread_blocked, id=2092, stack(0x0000000074f90000,0x0000000075090000)]
  0x000000005b949000 JavaThread "org.eclipse.jdt.internal.ui.text.JavaReconciler" daemon [_thread_blocked, id=9660, stack(0x0000000074e00000,0x0000000074f00000)]
  0x000000005b948000 JavaThread "org.eclipse.jdt.internal.ui.text.JavaReconciler" daemon [_thread_blocked, id=10544, stack(0x0000000074920000,0x0000000074a20000)]
  0x000000005cc87000 JavaThread "org.eclipse.jdt.internal.ui.text.JavaReconciler" daemon [_thread_blocked, id=8500, stack(0x0000000074b00000,0x0000000074c00000)]
  0x000000005ecc7800 JavaThread "org.eclipse.jdt.internal.ui.text.JavaReconciler" daemon [_thread_blocked, id=4956, stack(0x0000000074820000,0x0000000074920000)]
  0x000000005cc86000 JavaThread "org.eclipse.jdt.internal.ui.text.JavaReconciler" daemon [_thread_blocked, id=788, stack(0x000000006d7f0000,0x000000006d8f0000)]
  0x000000005cc85800 JavaThread "org.eclipse.jdt.internal.ui.text.JavaReconciler" daemon [_thread_blocked, id=10284, stack(0x000000006a360000,0x000000006a460000)]
  0x000000005cc82800 JavaThread "org.eclipse.jdt.internal.ui.text.JavaReconciler" daemon [_thread_blocked, id=7604, stack(0x000000006d370000,0x000000006d470000)]
  0x000000005cc84000 JavaThread "org.eclipse.jdt.internal.ui.text.JavaReconciler" daemon [_thread_blocked, id=10096, stack(0x000000006d6d0000,0x000000006d7d0000)]
  0x000000005cc83000 JavaThread "org.eclipse.jdt.internal.ui.text.JavaReconciler" daemon [_thread_blocked, id=7976, stack(0x0000000071e80000,0x0000000071f80000)]
  0x000000005cc81800 JavaThread "org.eclipse.jdt.internal.ui.text.JavaReconciler" daemon [_thread_blocked, id=9744, stack(0x000000006d260000,0x000000006d360000)]
  0x0000000059926800 JavaThread "org.eclipse.jdt.internal.ui.text.JavaReconciler" daemon [_thread_blocked, id=7800, stack(0x0000000065fd0000,0x00000000660d0000)]
  0x000000005cc81000 JavaThread "org.eclipse.jdt.internal.ui.text.JavaReconciler" daemon [_thread_blocked, id=3488, stack(0x00000000670e0000,0x00000000671e0000)]
  0x000000005ba99000 JavaThread "org.eclipse.jdt.internal.ui.text.JavaReconciler" daemon [_thread_blocked, id=5740, stack(0x000000006a230000,0x000000006a330000)]
  0x0000000059923000 JavaThread "org.eclipse.jdt.internal.ui.text.JavaReconciler" daemon [_thread_blocked, id=9380, stack(0x0000000066e50000,0x0000000066f50000)]
  0x000000005ba96000 JavaThread "org.eclipse.jdt.internal.ui.text.JavaReconciler" daemon [_thread_blocked, id=10568, stack(0x000000006cf50000,0x000000006d050000)]
  0x00000000571e2000 JavaThread "org.eclipse.jdt.internal.ui.text.JavaReconciler" daemon [_thread_blocked, id=7228, stack(0x00000000667e0000,0x00000000668e0000)]
  0x00000000571e0800 JavaThread "org.eclipse.jdt.internal.ui.text.JavaReconciler" daemon [_thread_blocked, id=10592, stack(0x0000000066400000,0x0000000066500000)]
  0x0000000059924800 JavaThread "org.eclipse.jdt.internal.ui.text.JavaReconciler" daemon [_thread_blocked, id=9596, stack(0x000000006cad0000,0x000000006cbd0000)]
  0x0000000059925000 JavaThread "org.eclipse.jdt.internal.ui.text.JavaReconciler" daemon [_thread_blocked, id=9268, stack(0x00000000673d0000,0x00000000674d0000)]
  0x000000005ba97800 JavaThread "org.eclipse.jdt.internal.ui.text.JavaReconciler" daemon [_thread_blocked, id=9204, stack(0x0000000067a50000,0x0000000067b50000)]
  0x0000000057d8e000 JavaThread "org.eclipse.jdt.internal.ui.text.JavaReconciler" daemon [_thread_blocked, id=8672, stack(0x00000000671f0000,0x00000000672f0000)]
  0x000000005ecca800 JavaThread "[ThreadPool Manager] - Idle Thread" daemon [_thread_blocked, id=7008, stack(0x00000000647a0000,0x00000000648a0000)]
  0x0000000057d8b800 JavaThread "Bundle File Closer" daemon [_thread_blocked, id=10104, stack(0x00000000622c0000,0x00000000623c0000)]
  0x0000000057d8b000 JavaThread "Java indexing" daemon [_thread_blocked, id=7032, stack(0x0000000061180000,0x0000000061280000)]
  0x0000000057d86800 JavaThread "EMF Reference Cleaner" daemon [_thread_blocked, id=7336, stack(0x000000005d650000,0x000000005d750000)]
  0x0000000057d84000 JavaThread "Worker-JM" [_thread_blocked, id=3624, stack(0x0000000059c20000,0x0000000059d20000)]
  0x0000000057d83800 JavaThread "[Timer] - Main Queue Handler" daemon [_thread_blocked, id=6172, stack(0x000000005a9b0000,0x000000005aab0000)]
  0x0000000057d82000 JavaThread "Framework Event Dispatcher" daemon [_thread_blocked, id=6668, stack(0x000000005a570000,0x000000005a670000)]
  0x0000000057d81000 JavaThread "Start Level Event Dispatcher" daemon [_thread_blocked, id=8852, stack(0x000000005a3b0000,0x000000005a4b0000)]
  0x0000000057d80800 JavaThread "State Data Manager" daemon [_thread_blocked, id=10120, stack(0x000000005a280000,0x000000005a380000)]
  0x0000000057d7f800 JavaThread "Framework Active Thread" [_thread_blocked, id=9708, stack(0x000000005a070000,0x000000005a170000)]
  0x0000000057098800 JavaThread "Service Thread" daemon [_thread_blocked, id=736, stack(0x00000000579e0000,0x0000000057ae0000)]
  0x0000000057029800 JavaThread "C1 CompilerThread2" daemon [_thread_blocked, id=10068, stack(0x00000000577e0000,0x00000000578e0000)]
  0x0000000057028800 JavaThread "C2 CompilerThread1" daemon [_thread_blocked, id=10436, stack(0x0000000057430000,0x0000000057530000)]
  0x00000000551fc000 JavaThread "C2 CompilerThread0" daemon [_thread_blocked, id=9056, stack(0x0000000056100000,0x0000000056200000)]
  0x00000000551fb000 JavaThread "Attach Listener" daemon [_thread_blocked, id=10952, stack(0x0000000057530000,0x0000000057630000)]
  0x0000000057023000 JavaThread "Signal Dispatcher" daemon [_thread_blocked, id=9480, stack(0x00000000563c0000,0x00000000564c0000)]
  0x0000000055194800 JavaThread "Finalizer" daemon [_thread_blocked, id=8040, stack(0x0000000056f10000,0x0000000057010000)]
  0x000000005518b800 JavaThread "Reference Handler" daemon [_thread_blocked, id=11164, stack(0x0000000056e10000,0x0000000056f10000)]
=>0x0000000002598000 JavaThread "main" [_thread_in_native, id=3844, stack(0x0000000002840000,0x0000000002940000)]

Other Threads:
  0x0000000055187800 VMThread [stack: 0x0000000056290000,0x0000000056390000] [id=10984]
  0x0000000057099800 WatcherThread [stack: 0x0000000057640000,0x0000000057740000] [id=8908]

VM state:not at safepoint (normal execution)

VM Mutex/Monitor currently owned by a thread: None

Heap:
 PSYoungGen      total 258048K, used 13407K [0x00000000eab00000, 0x00000000fc080000, 0x0000000100000000)
  eden space 255488K, 5% used [0x00000000eab00000,0x00000000eb817e60,0x00000000fa480000)
  from space 2560K, 0% used [0x00000000fa480000,0x00000000fa480000,0x00000000fa700000)
  to   space 14336K, 0% used [0x00000000fb280000,0x00000000fb280000,0x00000000fc080000)
 ParOldGen       total 650240K, used 156461K [0x00000000c0000000, 0x00000000e7b00000, 0x00000000eab00000)
  object space 650240K, 24% used [0x00000000c0000000,0x00000000c98cb7e0,0x00000000e7b00000)
 Metaspace       used 117170K, capacity 123564K, committed 123904K, reserved 1159168K
  class space    used 12922K, capacity 14762K, committed 14848K, reserved 1048576K

Card table byte_map: [0x0000000011d00000,0x0000000011f10000] byte_map_base: 0x0000000011700000

Marking Bits: (ParMarkBitMap*) 0x0000000056cdd490
 Begin Bits: [0x0000000012600000, 0x0000000013600000)
 End Bits:   [0x0000000013600000, 0x0000000014600000)

Polling page: 0x0000000000150000

CodeCache: size=245760Kb used=101244Kb max_used=103521Kb free=144515Kb
 bounds [0x0000000002940000, 0x0000000008f20000, 0x0000000011940000]
 total_blobs=25406 nmethods=24433 adapters=876
 compilation: enabled

Compilation events (10 events):
Event: 15882.110 Thread 0x00000000551fc000 34142       4       org.eclipse.ui.internal.SharedImages::getImage (38 bytes)
Event: 15882.112 Thread 0x00000000551fc000 nmethod 34142 0x0000000005b4e250 code [0x0000000005b4e3a0, 0x0000000005b4e448]
Event: 15882.365 Thread 0x0000000057029800 34143       3       org.eclipse.jdt.core.dom.RecoveredTypeBinding::isDeprecated (2 bytes)
Event: 15882.366 Thread 0x0000000057029800 nmethod 34143 0x0000000005b4df10 code [0x0000000005b4e060, 0x0000000005b4e1b0]
Event: 15884.545 Thread 0x0000000057029800 34144   !   3       org.eclipse.jdt.internal.codeassist.CompletionEngine::acceptTypes (992 bytes)
Event: 15884.547 Thread 0x0000000057028800 34145       4       org.eclipse.jdt.internal.corext.dom.GenericVisitor::endVisit (6 bytes)
Event: 15884.547 Thread 0x0000000057028800 nmethod 34145 0x0000000004ae9050 code [0x0000000004ae9180, 0x0000000004ae91d8]
Event: 15884.549 Thread 0x0000000057029800 nmethod 34144 0x0000000007e6d8d0 code [0x0000000007e6de20, 0x0000000007e71738]
Event: 15903.091 Thread 0x0000000057029800 34146   !   3       java.util.ArrayList$ListItr::add (54 bytes)
Event: 15903.092 Thread 0x0000000057029800 nmethod 34146 0x0000000003813090 code [0x0000000003813240, 0x0000000003813728]

GC Heap History (10 events):
Event: 15812.903 GC heap before
{Heap before GC invocations=612 (full 246):
 PSYoungGen      total 271360K, used 416K [0x00000000eab00000, 0x00000000fc580000, 0x0000000100000000)
  eden space 254464K, 0% used [0x00000000eab00000,0x00000000eab00000,0x00000000fa380000)
  from space 16896K, 2% used [0x00000000fb500000,0x00000000fb568000,0x00000000fc580000)
  to   space 17408K, 0% used [0x00000000fa380000,0x00000000fa380000,0x00000000fb480000)
 ParOldGen       total 650240K, used 155967K [0x00000000c0000000, 0x00000000e7b00000, 0x00000000eab00000)
  object space 650240K, 23% used [0x00000000c0000000,0x00000000c984ffc0,0x00000000e7b00000)
 Metaspace       used 117151K, capacity 123494K, committed 123904K, reserved 1159168K
  class space    used 12921K, capacity 14761K, committed 14848K, reserved 1048576K
Event: 15813.346 GC heap after
Heap after GC invocations=612 (full 246):
 PSYoungGen      total 271360K, used 0K [0x00000000eab00000, 0x00000000fc580000, 0x0000000100000000)
  eden space 254464K, 0% used [0x00000000eab00000,0x00000000eab00000,0x00000000fa380000)
  from space 16896K, 0% used [0x00000000fb500000,0x00000000fb500000,0x00000000fc580000)
  to   space 17408K, 0% used [0x00000000fa380000,0x00000000fa380000,0x00000000fb480000)
 ParOldGen       total 650240K, used 156012K [0x00000000c0000000, 0x00000000e7b00000, 0x00000000eab00000)
  object space 650240K, 23% used [0x00000000c0000000,0x00000000c985b378,0x00000000e7b00000)
 Metaspace       used 117151K, capacity 123494K, committed 123904K, reserved 1159168K
  class space    used 12921K, capacity 14761K, committed 14848K, reserved 1048576K
}
Event: 15874.592 GC heap before
{Heap before GC invocations=613 (full 246):
 PSYoungGen      total 271360K, used 254464K [0x00000000eab00000, 0x00000000fc580000, 0x0000000100000000)
  eden space 254464K, 100% used [0x00000000eab00000,0x00000000fa380000,0x00000000fa380000)
  from space 16896K, 0% used [0x00000000fb500000,0x00000000fb500000,0x00000000fc580000)
  to   space 17408K, 0% used [0x00000000fa380000,0x00000000fa380000,0x00000000fb480000)
 ParOldGen       total 650240K, used 156012K [0x00000000c0000000, 0x00000000e7b00000, 0x00000000eab00000)
  object space 650240K, 23% used [0x00000000c0000000,0x00000000c985b378,0x00000000e7b00000)
 Metaspace       used 117160K, capacity 123494K, committed 123904K, reserved 1159168K
  class space    used 12921K, capacity 14761K, committed 14848K, reserved 1048576K
Event: 15874.600 GC heap after
Heap after GC invocations=613 (full 246):
 PSYoungGen      total 271872K, used 1872K [0x00000000eab00000, 0x00000000fc480000, 0x0000000100000000)
  eden space 254464K, 0% used [0x00000000eab00000,0x00000000eab00000,0x00000000fa380000)
  from space 17408K, 10% used [0x00000000fa380000,0x00000000fa554010,0x00000000fb480000)
  to   space 16384K, 0% used [0x00000000fb480000,0x00000000fb480000,0x00000000fc480000)
 ParOldGen       total 650240K, used 156012K [0x00000000c0000000, 0x00000000e7b00000, 0x00000000eab00000)
  object space 650240K, 23% used [0x00000000c0000000,0x00000000c985b378,0x00000000e7b00000)
 Metaspace       used 117160K, capacity 123494K, committed 123904K, reserved 1159168K
  class space    used 12921K, capacity 14761K, committed 14848K, reserved 1048576K
}
Event: 15884.515 GC heap before
{Heap before GC invocations=614 (full 246):
 PSYoungGen      total 271872K, used 256336K [0x00000000eab00000, 0x00000000fc480000, 0x0000000100000000)
  eden space 254464K, 100% used [0x00000000eab00000,0x00000000fa380000,0x00000000fa380000)
  from space 17408K, 10% used [0x00000000fa380000,0x00000000fa554010,0x00000000fb480000)
  to   space 16384K, 0% used [0x00000000fb480000,0x00000000fb480000,0x00000000fc480000)
 ParOldGen       total 650240K, used 156012K [0x00000000c0000000, 0x00000000e7b00000, 0x00000000eab00000)
  object space 650240K, 23% used [0x00000000c0000000,0x00000000c985b378,0x00000000e7b00000)
 Metaspace       used 117164K, capacity 123558K, committed 123904K, reserved 1159168K
  class space    used 12921K, capacity 14761K, committed 14848K, reserved 1048576K
Event: 15884.532 GC heap after
Heap after GC invocations=614 (full 246):
 PSYoungGen      total 269824K, used 3872K [0x00000000eab00000, 0x00000000fc280000, 0x0000000100000000)
  eden space 255488K, 0% used [0x00000000eab00000,0x00000000eab00000,0x00000000fa480000)
  from space 14336K, 27% used [0x00000000fb480000,0x00000000fb848000,0x00000000fc280000)
  to   space 15360K, 0% used [0x00000000fa480000,0x00000000fa480000,0x00000000fb380000)
 ParOldGen       total 650240K, used 156012K [0x00000000c0000000, 0x00000000e7b00000, 0x00000000eab00000)
  object space 650240K, 23% used [0x00000000c0000000,0x00000000c985b378,0x00000000e7b00000)
 Metaspace       used 117164K, capacity 123558K, committed 123904K, reserved 1159168K
  class space    used 12921K, capacity 14761K, committed 14848K, reserved 1048576K
}
Event: 15886.435 GC heap before
{Heap before GC invocations=615 (full 246):
 PSYoungGen      total 269824K, used 18220K [0x00000000eab00000, 0x00000000fc280000, 0x0000000100000000)
  eden space 255488K, 5% used [0x00000000eab00000,0x00000000eb903380,0x00000000fa480000)
  from space 14336K, 27% used [0x00000000fb480000,0x00000000fb848000,0x00000000fc280000)
  to   space 15360K, 0% used [0x00000000fa480000,0x00000000fa480000,0x00000000fb380000)
 ParOldGen       total 650240K, used 156012K [0x00000000c0000000, 0x00000000e7b00000, 0x00000000eab00000)
  object space 650240K, 23% used [0x00000000c0000000,0x00000000c985b378,0x00000000e7b00000)
 Metaspace       used 117168K, capacity 123564K, committed 123904K, reserved 1159168K
  class space    used 12922K, capacity 14762K, committed 14848K, reserved 1048576K
Event: 15886.444 GC heap after
Heap after GC invocations=615 (full 246):
 PSYoungGen      total 258048K, used 2112K [0x00000000eab00000, 0x00000000fc080000, 0x0000000100000000)
  eden space 255488K, 0% used [0x00000000eab00000,0x00000000eab00000,0x00000000fa480000)
  from space 2560K, 82% used [0x00000000fa480000,0x00000000fa690000,0x00000000fa700000)
  to   space 14336K, 0% used [0x00000000fb280000,0x00000000fb280000,0x00000000fc080000)
 ParOldGen       total 650240K, used 156012K [0x00000000c0000000, 0x00000000e7b00000, 0x00000000eab00000)
  object space 650240K, 23% used [0x00000000c0000000,0x00000000c985b378,0x00000000e7b00000)
 Metaspace       used 117168K, capacity 123564K, committed 123904K, reserved 1159168K
  class space    used 12922K, capacity 14762K, committed 14848K, reserved 1048576K
}
Event: 15886.445 GC heap before
{Heap before GC invocations=616 (full 247):
 PSYoungGen      total 258048K, used 2112K [0x00000000eab00000, 0x00000000fc080000, 0x0000000100000000)
  eden space 255488K, 0% used [0x00000000eab00000,0x00000000eab00000,0x00000000fa480000)
  from space 2560K, 82% used [0x00000000fa480000,0x00000000fa690000,0x00000000fa700000)
  to   space 14336K, 0% used [0x00000000fb280000,0x00000000fb280000,0x00000000fc080000)
 ParOldGen       total 650240K, used 156012K [0x00000000c0000000, 0x00000000e7b00000, 0x00000000eab00000)
  object space 650240K, 23% used [0x00000000c0000000,0x00000000c985b378,0x00000000e7b00000)
 Metaspace       used 117168K, capacity 123564K, committed 123904K, reserved 1159168K
  class space    used 12922K, capacity 14762K, committed 14848K, reserved 1048576K
Event: 15886.907 GC heap after
Heap after GC invocations=616 (full 247):
 PSYoungGen      total 258048K, used 0K [0x00000000eab00000, 0x00000000fc080000, 0x0000000100000000)
  eden space 255488K, 0% used [0x00000000eab00000,0x00000000eab00000,0x00000000fa480000)
  from space 2560K, 0% used [0x00000000fa480000,0x00000000fa480000,0x00000000fa700000)
  to   space 14336K, 0% used [0x00000000fb280000,0x00000000fb280000,0x00000000fc080000)
 ParOldGen       total 650240K, used 156461K [0x00000000c0000000, 0x00000000e7b00000, 0x00000000eab00000)
  object space 650240K, 24% used [0x00000000c0000000,0x00000000c98cb7e0,0x00000000e7b00000)
 Metaspace       used 117168K, capacity 123564K, committed 123904K, reserved 1159168K
  class space    used 12922K, capacity 14762K, committed 14848K, reserved 1048576K
}

Deoptimization events (10 events):
Event: 15667.056 Thread 0x0000000002598000 Uncommon trap: reason=bimorphic action=maybe_recompile pc=0x000000000723bc50 method=com.ibm.icu.text.RuleBasedBreakIterator.first()I @ 33
Event: 15670.636 Thread 0x0000000002598000 Uncommon trap: reason=null_assert action=make_not_entrant pc=0x00000000042ff884 method=org.eclipse.jdt.internal.core.NameLookup.findType(Ljava/lang/String;Ljava/lang/String;ZIZZZLorg/eclipse/core/runtime/IProgressMonitor;)Lorg/eclipse/jdt/internal/core/Name!Ô˜Q›Î@
Event: 15670.637 Thread 0x0000000002598000 Uncommon trap: reason=unreached action=reinterpret pc=0x00000000076091d0 method=org.eclipse.jdt.internal.compiler.lookup.LookupEnvironment.setAccessRestriction(Lorg/eclipse/jdt/internal/compiler/lookup/ReferenceBinding;Lorg/eclipse/jdt/internal/compiler/en
Event: 15670.638 Thread 0x0000000002598000 Uncommon trap: reason=null_assert action=make_not_entrant pc=0x000000000529cae4 method=org.eclipse.jdt.internal.compiler.ast.ASTNode.isTypeUseDeprecated(Lorg/eclipse/jdt/internal/compiler/lookup/TypeBinding;Lorg/eclipse/jdt/internal/compiler/lookup/Scope;)–VŸÇQ›Î@
Event: 15670.639 Thread 0x0000000002598000 Uncommon trap: reason=unreached action=reinterpret pc=0x0000000002c06404 method=org.eclipse.jdt.internal.compiler.lookup.LookupEnvironment.setAccessRestriction(Lorg/eclipse/jdt/internal/compiler/lookup/ReferenceBinding;Lorg/eclipse/jdt/internal/compiler/enç%ÊQ›Î@
Event: 15670.639 Thread 0x0000000002598000 Uncommon trap: reason=class_check action=maybe_recompile pc=0x0000000008113d40 method=org.eclipse.jdt.internal.compiler.lookup.ReferenceBinding.canBeSeenBy(Lorg/eclipse/jdt/internal/compiler/lookup/ReferenceBinding;Lorg/eclipse/jdt/internal/compiler/lookup‹R›Î@
Event: 15670.641 Thread 0x0000000002598000 Uncommon trap: reason=unreached action=reinterpret pc=0x0000000008113dbc method=org.eclipse.jdt.internal.compiler.lookup.ReferenceBinding.canBeSeenBy(Lorg/eclipse/jdt/internal/compiler/lookup/ReferenceBinding;Lorg/eclipse/jdt/internal/compiler/lookup/Referx3p³,¢Î@
Event: 15684.349 Thread 0x0000000068315000 Uncommon trap: reason=unreached action=reinterpret pc=0x0000000005ec1894 method=org.eclipse.jdt.internal.compiler.lookup.CompilationUnitScope.faultInImports()V @ 517
Event: 15908.348 Thread 0x0000000002598000 Uncommon trap: reason=null_check action=make_not_entrant pc=0x00000000072579fc method=org.eclipse.core.internal.resources.MarkerManager.findMarkerInfo(Lorg/eclipse/core/resources/IResource;J)Lorg/eclipse/core/internal/resources/MarkerInfo; @ 45
Event: 15908.348 Thread 0x0000000002598000 Uncommon trap: reason=unreached action=reinterpret pc=0x00000000030081c0 method=org.eclipse.core.internal.resources.Marker.checkInfo(Lorg/eclipse/core/internal/resources/MarkerInfo;)V @ 1

Internal exceptions (10 events):
Event: 15866.359 Thread 0x0000000002598000 Exception <a 'java/security/PrivilegedActionException'> (0x00000000f18ad568) thrown at [D:\re\workspace\8-2-build-windows-amd64-cygwin\jdk8u25\1677\hotspot\src\share\vm\prims\jvm.cpp, line 1312]
Event: 15866.387 Thread 0x0000000002598000 Exception <a 'java/security/PrivilegedActionException'> (0x00000000f18c36f8) thrown at [D:\re\workspace\8-2-build-windows-amd64-cygwin\jdk8u25\1677\hotspot\src\share\vm\prims\jvm.cpp, line 1312]
Event: 15866.387 Thread 0x0000000002598000 Exception <a 'java/lang/ClassNotFoundException': sun/net/www/protocol/about/Handler> (0x00000000f18c3d50) thrown at [D:\re\workspace\8-2-build-windows-amd64-cygwin\jdk8u25\1677\hotspot\src\share\vm\classfile\systemDictionary.cpp, line 202]
Event: 15866.387 Thread 0x0000000002598000 Exception <a 'java/security/PrivilegedActionException'> (0x00000000f18c4700) thrown at [D:\re\workspace\8-2-build-windows-amd64-cygwin\jdk8u25\1677\hotspot\src\share\vm\prims\jvm.cpp, line 1312]
Event: 15866.387 Thread 0x0000000002598000 Exception <a 'java/security/PrivilegedActionException'> (0x00000000f18c4fb0) thrown at [D:\re\workspace\8-2-build-windows-amd64-cygwin\jdk8u25\1677\hotspot\src\share\vm\prims\jvm.cpp, line 1312]
Event: 15866.391 Thread 0x0000000002598000 Exception <a 'java/security/PrivilegedActionException'> (0x00000000f18d8490) thrown at [D:\re\workspace\8-2-build-windows-amd64-cygwin\jdk8u25\1677\hotspot\src\share\vm\prims\jvm.cpp, line 1312]
Event: 15866.392 Thread 0x0000000002598000 Exception <a 'java/lang/ClassNotFoundException': sun/net/www/protocol/about/Handler> (0x00000000f18d8ae8) thrown at [D:\re\workspace\8-2-build-windows-amd64-cygwin\jdk8u25\1677\hotspot\src\share\vm\classfile\systemDictionary.cpp, line 202]
Event: 15866.392 Thread 0x0000000002598000 Exception <a 'java/security/PrivilegedActionException'> (0x00000000f18d9498) thrown at [D:\re\workspace\8-2-build-windows-amd64-cygwin\jdk8u25\1677\hotspot\src\share\vm\prims\jvm.cpp, line 1312]
Event: 15866.392 Thread 0x0000000002598000 Exception <a 'java/security/PrivilegedActionException'> (0x00000000f18d9d48) thrown at [D:\re\workspace\8-2-build-windows-amd64-cygwin\jdk8u25\1677\hotspot\src\share\vm\prims\jvm.cpp, line 1312]
Event: 15908.348 Thread 0x0000000002598000 Implicit null exception at 0x00000000072578bb to 0x00000000072579f2

Events (10 events):
Event: 15904.410 Thread 0x0000000068319800 Thread added: 0x0000000068319800
Event: 15904.411 Thread 0x0000000068319800 Thread exited: 0x0000000068319800
Event: 15908.348 Thread 0x0000000002598000 Uncommon trap: trap_request=0xfffffff4 fr.pc=0x00000000072579fc
Event: 15908.348 Thread 0x0000000002598000 DEOPT PACKING pc=0x00000000072579fc sp=0x000000000293d630
Event: 15908.348 Thread 0x0000000002598000 DEOPT UNPACKING pc=0x000000000298556a sp=0x000000000293d5c8 mode 2
Event: 15908.348 Thread 0x0000000002598000 Uncommon trap: trap_request=0xffffffad fr.pc=0x00000000030081c0
Event: 15908.348 Thread 0x0000000002598000 DEOPT PACKING pc=0x00000000030081c0 sp=0x000000000293d650
Event: 15908.348 Thread 0x0000000002598000 DEOPT UNPACKING pc=0x000000000298556a sp=0x000000000293d5e0 mode 2
Event: 15908.413 Thread 0x0000000068319800 Thread added: 0x0000000068319800
Event: 15908.413 Thread 0x0000000068319800 Thread exited: 0x0000000068319800


Dynamic libraries:
0x000000013f0d0000 - 0x000000013f104000 	C:\ProgramData\Oracle\Java\javapath\javaw.exe
0x0000000076e80000 - 0x0000000077029000 	C:\Windows\SYSTEM32\ntdll.dll
0x0000000076d60000 - 0x0000000076e7f000 	C:\Windows\system32\kernel32.dll
0x000007fefcfc0000 - 0x000007fefd02b000 	C:\Windows\system32\KERNELBASE.dll
0x000007fefd940000 - 0x000007fefda1b000 	C:\Windows\system32\ADVAPI32.dll
0x000007fefec30000 - 0x000007fefeccf000 	C:\Windows\system32\msvcrt.dll
0x000007feff170000 - 0x000007feff18f000 	C:\Windows\SYSTEM32\sechost.dll
0x000007fefd650000 - 0x000007fefd77d000 	C:\Windows\system32\RPCRT4.dll
0x0000000076c60000 - 0x0000000076d5a000 	C:\Windows\system32\USER32.dll
0x000007fefd100000 - 0x000007fefd167000 	C:\Windows\system32\GDI32.dll
0x000007fefd4d0000 - 0x000007fefd4de000 	C:\Windows\system32\LPK.dll
0x000007fefd400000 - 0x000007fefd4c9000 	C:\Windows\system32\USP10.dll
0x000007fefb400000 - 0x000007fefb5f4000 	C:\Windows\WinSxS\amd64_microsoft.windows.common-controls_6595b64144ccf1df_6.0.7601.17514_none_fa396087175ac9ac\COMCTL32.dll
0x000007fefd080000 - 0x000007fefd0f1000 	C:\Windows\system32\SHLWAPI.dll
0x000007fefd780000 - 0x000007fefd7ae000 	C:\Windows\system32\IMM32.DLL
0x000007fefdb00000 - 0x000007fefdc09000 	C:\Windows\system32\MSCTF.dll
0x000000006c710000 - 0x000000006c7e2000 	C:\Program Files\Java\jre1.8.0_25\bin\msvcr100.dll
0x0000000056500000 - 0x0000000056d5a000 	C:\Program Files\Java\jre1.8.0_25\bin\server\jvm.dll
0x000007fef4f50000 - 0x000007fef4f59000 	C:\Windows\system32\WSOCK32.dll
0x000007fefd8f0000 - 0x000007fefd93d000 	C:\Windows\system32\WS2_32.dll
0x000007fefd4e0000 - 0x000007fefd4e8000 	C:\Windows\system32\NSI.dll
0x000007fefa8a0000 - 0x000007fefa8db000 	C:\Windows\system32\WINMM.dll
0x0000000077050000 - 0x0000000077057000 	C:\Windows\system32\PSAPI.DLL
0x000000006c700000 - 0x000000006c70f000 	C:\Program Files\Java\jre1.8.0_25\bin\verify.dll
0x000000006c6d0000 - 0x000000006c6f8000 	C:\Program Files\Java\jre1.8.0_25\bin\java.dll
0x000000006c6b0000 - 0x000000006c6c6000 	C:\Program Files\Java\jre1.8.0_25\bin\zip.dll
0x000007fefdc90000 - 0x000007fefea18000 	C:\Windows\system32\SHELL32.dll
0x000007fefea20000 - 0x000007fefec23000 	C:\Windows\system32\ole32.dll
0x000007fefcc50000 - 0x000007fefcc5f000 	C:\Windows\system32\profapi.dll
0x000007fefc520000 - 0x000007fefc537000 	C:\Windows\system32\CRYPTSP.dll
0x000007fefc220000 - 0x000007fefc267000 	C:\Windows\system32\rsaenh.dll
0x000007fefbfa0000 - 0x000007fefbfbe000 	C:\Windows\system32\USERENV.dll
0x000007fefcb80000 - 0x000007fefcb8f000 	C:\Windows\system32\CRYPTBASE.dll
0x000000006c690000 - 0x000000006c6aa000 	C:\Program Files\Java\jre1.8.0_25\bin\net.dll
0x000007fefc4c0000 - 0x000007fefc515000 	C:\Windows\system32\mswsock.dll
0x000007fefc4b0000 - 0x000007fefc4b7000 	C:\Windows\System32\wship6.dll
0x000007fefbe40000 - 0x000007fefbe67000 	C:\Windows\system32\IPHLPAPI.DLL
0x000007fefbe30000 - 0x000007fefbe3b000 	C:\Windows\system32\WINNSI.DLL
0x000007fefa370000 - 0x000007fefa381000 	C:\Windows\system32\dhcpcsvc6.DLL
0x000007fefa350000 - 0x000007fefa368000 	C:\Windows\system32\dhcpcsvc.DLL
0x000000006c670000 - 0x000000006c681000 	C:\Program Files\Java\jre1.8.0_25\bin\nio.dll
0x0000000072000000 - 0x0000000072012000 	C:\code\android\eclipse\plugins\org.eclipse.equinox.launcher.win32.win32.x86_64_1.1.200.v20120913-144807\eclipse_1503.dll
0x000007fefbe20000 - 0x000007fefbe2c000 	C:\Windows\system32\VERSION.dll
0x000007fefb350000 - 0x000007fefb3a6000 	C:\Windows\system32\uxtheme.dll
0x000007fefa840000 - 0x000007fefa855000 	C:\Windows\system32\NLAapi.dll
0x000007fef1da0000 - 0x000007fef1db5000 	C:\Windows\system32\napinsp.dll
0x000007fef1d60000 - 0x000007fef1d79000 	C:\Windows\system32\pnrpnsp.dll
0x000007fefc340000 - 0x000007fefc39b000 	C:\Windows\system32\DNSAPI.dll
0x000007fef1d00000 - 0x000007fef1d0b000 	C:\Windows\System32\winrnr.dll
0x0000000180000000 - 0x0000000180024000 	C:\Windows\system32\xunyount64.dll
0x000007fefbe00000 - 0x000007fefbe07000 	C:\Windows\System32\wshtcpip.dll
0x000007fef8440000 - 0x000007fef8448000 	C:\Windows\system32\rasadhlp.dll
0x000007fefa3a0000 - 0x000007fefa3f3000 	C:\Windows\System32\fwpuclnt.dll
0x0000000056d60000 - 0x0000000056e08000 	C:\code\android\eclipse\configuration\org.eclipse.osgi\bundles\212\1\.cp\swt-win32-4236.dll
0x000007fefda20000 - 0x000007fefdaf7000 	C:\Windows\system32\OLEAUT32.dll
0x000007fefd7b0000 - 0x000007fefd847000 	C:\Windows\system32\comdlg32.dll
0x000007fef85f0000 - 0x000007fef8661000 	C:\Windows\system32\WINSPOOL.DRV
0x000007fefd1d0000 - 0x000007fefd3fd000 	C:\Windows\system32\WININET.dll
0x000007fefcde0000 - 0x000007fefcde4000 	C:\Windows\system32\api-ms-win-downlevel-user32-l1-1-0.dll
0x000007fefce30000 - 0x000007fefce35000 	C:\Windows\system32\api-ms-win-downlevel-advapi32-l1-1-0.dll
0x000007fefce40000 - 0x000007fefce44000 	C:\Windows\system32\api-ms-win-downlevel-shlwapi-l1-1-0.dll
0x000007fefd050000 - 0x000007fefd054000 	C:\Windows\system32\api-ms-win-downlevel-version-l1-1-0.dll
0x000007fefd040000 - 0x000007fefd043000 	C:\Windows\system32\api-ms-win-downlevel-normaliz-l1-1-0.dll
0x0000000077040000 - 0x0000000077043000 	C:\Windows\system32\normaliz.DLL
0x000007fefecf0000 - 0x000007fefef82000 	C:\Windows\system32\iertutil.dll
0x000007fefce50000 - 0x000007fefcfbc000 	C:\Windows\system32\CRYPT32.dll
0x000007fefccf0000 - 0x000007fefccff000 	C:\Windows\system32\MSASN1.dll
0x000007fefaf70000 - 0x000007fefaf88000 	C:\Windows\system32\dwmapi.dll
0x000007fefb910000 - 0x000007fefba3c000 	C:\Windows\system32\propsys.dll
0x000007fefd850000 - 0x000007fefd8e9000 	C:\Windows\system32\CLBCatQ.DLL
0x00000000005d0000 - 0x00000000005ee000 	C:\code\android\eclipse\configuration\org.eclipse.osgi\bundles\212\1\.cp\swt-gdip-win32-4236.dll
0x000007fefb130000 - 0x000007fefb346000 	C:\Windows\WinSxS\amd64_microsoft.windows.gdiplus_6595b64144ccf1df_1.1.7601.18120_none_2b25b14c71ebf230\gdiplus.dll
0x000007feface0000 - 0x000007fefae41000 	C:\Windows\system32\WindowsCodecs.dll
0x00000000122a0000 - 0x00000000122b1000 	C:\code\android\eclipse\configuration\org.eclipse.osgi\bundles\78\1\.cp\os\win32\x86_64\localfile_1_0_0.dll
0x000007fef6220000 - 0x000007fef6231000 	C:\code\android\eclipse\configuration\org.eclipse.osgi\bundles\81\1\.cp\jWinHttp-1.0.0.dll
0x000007fef84e0000 - 0x000007fef8551000 	C:\Windows\system32\WINHTTP.dll
0x000007fef8470000 - 0x000007fef84d4000 	C:\Windows\system32\webio.dll
0x000007fefcae0000 - 0x000007fefcb05000 	C:\Windows\system32\SspiCli.dll
0x000007fefc0f0000 - 0x000007fefc0fa000 	C:\Windows\system32\credssp.dll
0x000007fefcd00000 - 0x000007fefcd36000 	C:\Windows\system32\CFGMGR32.dll
0x000007fefaa80000 - 0x000007fefaad4000 	C:\Windows\system32\oleacc.dll
0x000007fefcc30000 - 0x000007fefcc44000 	C:\Windows\system32\RpcRtRemote.dll
0x000007fef7730000 - 0x000007fef776b000 	C:\Windows\system32\mlang.dll
0x000007fefa9b0000 - 0x000007fefa9b7000 	C:\Windows\system32\msimg32.dll
0x0000000067ca0000 - 0x0000000067ce5000 	C:\Program Files\UltraMon\RTSUltraMonHook.dll
0x000007fef55f0000 - 0x000007fef5907000 	C:\Windows\system32\msi.dll
0x000007fefcb20000 - 0x000007fefcb77000 	C:\Windows\system32\apphelp.dll
0x0000000067cf0000 - 0x0000000067d55000 	C:\Program Files\UltraMon\UltraMonResButtons.dll
0x000000006e550000 - 0x000000006e566000 	C:\Program Files\Common Files\TortoiseOverlays\TortoiseOverlays.dll
0x000000006e530000 - 0x000000006e547000 	C:\Program Files\TortoiseSVN\bin\TortoiseStub.dll
0x000000006e4b0000 - 0x000000006e52c000 	C:\Program Files\TortoiseSVN\bin\TortoiseSVN.dll
0x000007fef6b90000 - 0x000007fef6ffa000 	C:\Program Files\TortoiseSVN\bin\libsvn_tsvn.dll
0x000000006e3e0000 - 0x000000006e40d000 	C:\Program Files\TortoiseSVN\bin\libapr_tsvn.dll
0x000007fef8900000 - 0x000007fef89d4000 	C:\Windows\system32\MSVCR110.dll
0x000000006e390000 - 0x000000006e3d5000 	C:\Program Files\TortoiseSVN\bin\libaprutil_tsvn.dll
0x000007fefd170000 - 0x000007fefd1c2000 	C:\Windows\system32\WLDAP32.dll
0x000007fef76a0000 - 0x000007fef76b1000 	C:\Program Files\TortoiseSVN\bin\intl3_tsvn.dll
0x000007fef7680000 - 0x000007fef7699000 	C:\Program Files\TortoiseSVN\bin\libsasl.dll
0x000007fefc870000 - 0x000007fefc87b000 	C:\Windows\system32\Secur32.dll
0x000007fef89e0000 - 0x000007fef8a87000 	C:\Windows\system32\MSVCP110.dll
0x000000006e370000 - 0x000000006e38b000 	C:\Program Files\TortoiseGit\bin\TortoiseGitStub.dll
0x000000006e2e0000 - 0x000000006e36e000 	C:\Program Files\TortoiseGit\bin\TortoiseGit.dll
0x000007fef75a0000 - 0x000007fef767f000 	C:\Program Files\TortoiseGit\bin\libgit2_tgit.dll
0x000007fef6b70000 - 0x000007fef6b88000 	C:\Program Files\TortoiseGit\bin\zlib1_tgit.dll
0x000007fef6a80000 - 0x000007fef6b6f000 	C:\Windows\system32\MSVCR120.dll
0x000007fef6840000 - 0x000007fef6a7e000 	C:\Program Files\TortoiseGit\bin\gitdll.dll
0x000007fef6790000 - 0x000007fef6836000 	C:\Windows\system32\MSVCP120.dll
0x000007fef6770000 - 0x000007fef6781000 	C:\Program Files\TortoiseGit\bin\crshhndl.dll
0x000007fef6730000 - 0x000007fef6765000 	C:\Windows\system32\EhStorShell.dll
0x000007fefef90000 - 0x000007feff167000 	C:\Windows\system32\SETUPAPI.dll
0x000007fefd060000 - 0x000007fefd07a000 	C:\Windows\system32\DEVOBJ.dll
0x000007fef1400000 - 0x000007fef140f000 	C:\Windows\system32\CSCAPI.dll
0x000007fef6620000 - 0x000007fef66a0000 	C:\Windows\system32\ntshrui.dll
0x000007fefc7c0000 - 0x000007fefc7e3000 	C:\Windows\system32\srvcli.dll
0x000007fefa720000 - 0x000007fefa72b000 	C:\Windows\system32\slc.dll
0x000007fefbb40000 - 0x000007fefbb6d000 	C:\Windows\system32\ntmarta.dll
0x000007fef7770000 - 0x000007fef7788000 	C:\Windows\system32\MPR.dll
0x000007fefac50000 - 0x000007fefac65000 	C:\Windows\system32\wkscli.dll
0x000007fefac70000 - 0x000007fefac7c000 	C:\Windows\system32\netutils.dll
0x000007fefcdf0000 - 0x000007fefce29000 	C:\Windows\system32\WINTRUST.dll
0x000007fefbfc0000 - 0x000007fefbfd2000 	C:\Windows\system32\DEVRTL.dll
0x000007fefd030000 - 0x000007fefd034000 	C:\Windows\system32\api-ms-win-downlevel-ole32-l1-1-0.dll
0x000007fefd4f0000 - 0x000007fefd646000 	C:\Windows\system32\urlmon.dll
0x000007fefcb90000 - 0x000007fefcc21000 	C:\Windows\system32\SXS.DLL
0x000007fef1f10000 - 0x000007fef2dcc000 	C:\Windows\System32\ieframe.dll
0x000007fef4f70000 - 0x000007fef4f74000 	C:\Windows\System32\api-ms-win-downlevel-shlwapi-l2-1-0.dll
0x000007fef7790000 - 0x000007fef7794000 	C:\Windows\System32\api-ms-win-downlevel-advapi32-l2-1-0.dll
0x000007fef4f60000 - 0x000007fef4f64000 	C:\Windows\System32\api-ms-win-downlevel-shell32-l1-1-0.dll

VM Arguments:
jvm_args: -Dosgi.requiredJavaVersion=1.6 -XX:MaxPermSize=256m -Xms512m -Xmx1024m 
java_command: C:\code\android\eclipse\\plugins/org.eclipse.equinox.launcher_1.3.0.v20120522-1813.jar -os win32 -ws win32 -arch x86_64 -showsplash C:\code\android\eclipse\\plugins\org.eclipse.platform_4.2.2.v201302041200\splash.bmp -launcher C:\code\android\eclipse\eclipse.exe -name Eclipse --launcher.library C:\code\android\eclipse\\plugins/org.eclipse.equinox.launcher.win32.win32.x86_64_1.1.200.v20120913-144807\eclipse_1503.dll -startup C:\code\android\eclipse\\plugins/org.eclipse.equinox.launcher_1.3.0.v20120522-1813.jar --launcher.overrideVmargs -exitdata 2bb4_60 -product com.android.ide.eclipse.adt.package.adtproduct -vm C:\ProgramData\Oracle\Java\javapath\javaw.exe -vmargs -Dosgi.requiredJavaVersion=1.6 -XX:MaxPermSize=256m -Xms512m -Xmx1024m -jar C:\code\android\eclipse\\plugins/org.eclipse.equinox.launcher_1.3.0.v20120522-1813.jar
java_class_path (initial): C:\code\android\eclipse\\plugins/org.eclipse.equinox.launcher_1.3.0.v20120522-1813.jar
Launcher Type: SUN_STANDARD

Environment Variables:
PATH=C:\Python27\;C:\Python27\Scripts;C:\ProgramData\Oracle\Java\javapath;C:\Program Files (x86)\Intel\iCLS Client\;C:\Program Files\Intel\iCLS Client\;C:\Windows\system32;C:\Windows;C:\Windows\System32\Wbem;C:\Windows\System32\WindowsPowerShell\v1.0\;C:\Program Files (x86)\Intel\OpenCL SDK\2.0\bin\x86;C:\Program Files (x86)\Intel\OpenCL SDK\2.0\bin\x64;C:\Program Files\Intel\Intel(R) Management Engine Components\DAL;C:\Program Files\Intel\Intel(R) Management Engine Components\IPT;C:\Program Files (x86)\Intel\Intel(R) Management Engine Components\DAL;C:\Program Files (x86)\Intel\Intel(R) Management Engine Components\IPT;C:\Program Files (x86)\ATI Technologies\ATI.ACE\Core-Static;C:\Program Files\TortoiseSVN\bin;C:\Program Files\Microsoft\Web Platform Installer\;C:\Program Files (x86)\Microsoft ASP.NET\ASP.NET Web Pages\v1.0\;C:\Program Files (x86)\Windows Kits\8.1\Windows Performance Toolkit\;C:\Program Files\doxygen\bin;C:\Program Files\Microsoft SQL Server\110\Tools\Binn\;C:\Program Files (x86)\Lua\5.1;C:\Program Files (x86)\Lua\5.1\clibs;C:\Program Files (x86)\GtkSharp\2.12\bin;C:\Program Files (x86)\LLVM\bin;C:\Program Files (x86)\Microsoft SDKs\TypeScript\1.0\;C:\Program Files (x86)\LINQPad4;C:\Program Files\TortoiseGit\bin;C:\Program Files (x86)\NVIDIA Corporation\PhysX\Common;C:\code\cocos2d-x-3.3\templates;C:\code\cocos2d-x-3.3\tools\cocos2d-console\bin
USERNAME=zapline
OS=Windows_NT
PROCESSOR_IDENTIFIER=Intel64 Family 6 Model 58 Stepping 9, GenuineIntel



---------------  S Y S T E M  ---------------

OS: Windows 7 , 64 bit Build 7601 Service Pack 1

CPU:total 4 (2 cores per cpu, 2 threads per core) family 6 model 58 stepping 9, cmov, cx8, fxsr, mmx, sse, sse2, sse3, ssse3, sse4.1, sse4.2, popcnt, avx, clmul, erms, ht, tsc, tscinvbit, tscinv

Memory: 4k page, physical 8342068k(3244672k free), swap 16682276k(10916188k free)

vm_info: Java HotSpot(TM) 64-Bit Server VM (25.25-b02) for windows-amd64 JRE (1.8.0_25-b18), built on Oct  7 2014 14:25:37 by "java_re" with MS VC++ 10.0 (VS2010)

time: Mon Apr 27 16:33:46 2015
elapsed time: 15912 seconds (0d 4h 25m 12s)

